hJNerpAndroid_12/build/outputs/logs/manifest-merger-release-report.txt
-- Merging decision tree log ---
manifest
ADDED from src\main\AndroidManifest.xml:2:1-366:12
	package
		ADDED from src\main\AndroidManifest.xml:3:5-32
		INJECTED from src\main\AndroidManifest.xml
		INJECTED from src\main\AndroidManifest.xml
	android:versionName
		INJECTED from src\main\AndroidManifest.xml
		INJECTED from src\main\AndroidManifest.xml
	xmlns:android
		ADDED from src\main\AndroidManifest.xml:2:11-69
	android:versionCode
		INJECTED from src\main\AndroidManifest.xml
		INJECTED from src\main\AndroidManifest.xml
uses-permission#android.permission.SEND_SMS
ADDED from src\main\AndroidManifest.xml:5:5-67
	android:name
		ADDED from src\main\AndroidManifest.xml:5:22-64
uses-permission#android.permission.WRITE_SETTINGS
ADDED from src\main\AndroidManifest.xml:6:5-73
	android:name
		ADDED from src\main\AndroidManifest.xml:6:22-70
uses-permission#android.permission.CHANGE_CONFIGURATION
ADDED from src\main\AndroidManifest.xml:7:5-79
	android:name
		ADDED from src\main\AndroidManifest.xml:7:22-76
uses-permission#android.permission.INTERNET
ADDED from src\main\AndroidManifest.xml:9:5-67
MERGED from [svn:librarys:unspecified] AndroidManifest.xml:11:5-67
MERGED from [com.lzy.net:okgo:2.1.4] AndroidManifest.xml:11:5-67
	android:name
		ADDED from src\main\AndroidManifest.xml:9:22-64
uses-permission#android.permission.ACCESS_NETWORK_STATE
ADDED from src\main\AndroidManifest.xml:11:5-79
	android:name
		ADDED from src\main\AndroidManifest.xml:11:22-76
uses-permission#android.permission.WRITE_EXTERNAL_STORAGE
ADDED from src\main\AndroidManifest.xml:13:5-81
MERGED from [com.lzy.net:okgo:2.1.4] AndroidManifest.xml:13:5-81
	android:name
		ADDED from src\main\AndroidManifest.xml:13:22-78
uses-permission#android.permission.MOUNT_UNMOUNT_FILESYSTEMS
ADDED from src\main\AndroidManifest.xml:15:5-84
MERGED from [com.lzy.net:okgo:2.1.4] AndroidManifest.xml:14:5-84
	android:name
		ADDED from src\main\AndroidManifest.xml:15:22-81
uses-permission#android.permission.SYSTEM_ALERT_WINDOW
ADDED from src\main\AndroidManifest.xml:17:5-78
	android:name
		ADDED from src\main\AndroidManifest.xml:17:22-75
uses-permission#android.permission.READ_PHONE_STATE
ADDED from src\main\AndroidManifest.xml:19:5-75
	android:name
		ADDED from src\main\AndroidManifest.xml:19:22-72
uses-permission#android.permission.READ_CONTACTS
ADDED from src\main\AndroidManifest.xml:21:5-72
	android:name
		ADDED from src\main\AndroidManifest.xml:21:22-69
uses-permission#android.permission.WRITE_CONTACTS
ADDED from src\main\AndroidManifest.xml:22:5-73
	android:name
		ADDED from src\main\AndroidManifest.xml:22:22-70
uses-permission#android.permission.CALL_PHONE
ADDED from src\main\AndroidManifest.xml:24:5-69
	android:name
		ADDED from src\main\AndroidManifest.xml:24:22-66
uses-permission#android.permission.GET_TASKS
ADDED from src\main\AndroidManifest.xml:25:5-68
	android:name
		ADDED from src\main\AndroidManifest.xml:25:22-65
uses-permission#android.permission.VIBRATE
ADDED from src\main\AndroidManifest.xml:27:5-66
MERGED from [svn:librarys:unspecified] AndroidManifest.xml:15:5-66
	android:name
		ADDED from src\main\AndroidManifest.xml:27:22-63
uses-permission#android.permission.RECORD_AUDIO
ADDED from src\main\AndroidManifest.xml:28:5-71
	android:name
		ADDED from src\main\AndroidManifest.xml:28:22-68
uses-permission#android.permission.ACCESS_GPS
ADDED from src\main\AndroidManifest.xml:32:5-69
	android:name
		ADDED from src\main\AndroidManifest.xml:32:22-66
uses-permission#android.permission.ACCESS_COARSE_LOCATION
ADDED from src\main\AndroidManifest.xml:34:5-81
	android:name
		ADDED from src\main\AndroidManifest.xml:34:22-78
uses-permission#android.permission.ACCESS_FINE_LOCATION
ADDED from src\main\AndroidManifest.xml:36:5-79
	android:name
		ADDED from src\main\AndroidManifest.xml:36:22-76
uses-permission#android.permission.ACCESS_WIFI_STATE
ADDED from src\main\AndroidManifest.xml:38:5-76
MERGED from [svn:librarys:unspecified] AndroidManifest.xml:12:5-76
	android:name
		ADDED from src\main\AndroidManifest.xml:38:22-73
uses-permission#android.permission.CHANGE_WIFI_STATE
ADDED from src\main\AndroidManifest.xml:40:5-76
	android:name
		ADDED from src\main\AndroidManifest.xml:40:22-73
uses-permission#android.permission.READ_LOGS
ADDED from src\main\AndroidManifest.xml:42:5-68
	android:name
		ADDED from src\main\AndroidManifest.xml:42:22-65
uses-permission#android.permission.CAMERA
ADDED from src\main\AndroidManifest.xml:44:5-65
MERGED from [svn:librarys:unspecified] AndroidManifest.xml:14:5-65
	android:name
		ADDED from src\main\AndroidManifest.xml:44:22-62
uses-permission#android.permission.FLASHLIGHT
ADDED from src\main\AndroidManifest.xml:45:5-69
	android:name
		ADDED from src\main\AndroidManifest.xml:45:22-66
uses-feature#android.hardware.camera
ADDED from src\main\AndroidManifest.xml:47:5-60
	android:name
		ADDED from src\main\AndroidManifest.xml:47:19-57
uses-feature#android.hardware.camera.autofocus
ADDED from src\main\AndroidManifest.xml:48:5-70
	android:name
		ADDED from src\main\AndroidManifest.xml:48:19-67
uses-feature#android.hardware.camera.flash
ADDED from src\main\AndroidManifest.xml:49:5-66
	android:name
		ADDED from src\main\AndroidManifest.xml:49:19-63
application
ADDED from src\main\AndroidManifest.xml:53:5-364:19
MERGED from [com.lovedise:permissiongen:0.0.6] AndroidManifest.xml:11:5-15:19
MERGED from [com.miguelcatalan:materialsearchview:1.4.0] AndroidManifest.xml:11:5-20
MERGED from [com.android.support:design:23.1.1] AndroidManifest.xml:22:5-20
MERGED from [com.github.RmondJone:LockTableView:1.0.3] AndroidManifest.xml:11:5-14:19
MERGED from [com.android.support:appcompat-v7:25.0.0] AndroidManifest.xml:25:5-20
MERGED from [com.android.support:support-v4:25.0.0] AndroidManifest.xml:25:5-20
MERGED from [com.android.support:support-fragment:25.0.0] AndroidManifest.xml:25:5-20
MERGED from [com.android.support:support-media-compat:25.0.0] AndroidManifest.xml:25:5-20
MERGED from [com.android.support:support-core-ui:25.0.0] AndroidManifest.xml:25:5-20
MERGED from [com.android.support:support-core-utils:25.0.0] AndroidManifest.xml:25:5-20
MERGED from [com.android.support:animated-vector-drawable:25.0.0] AndroidManifest.xml:22:5-20
MERGED from [com.android.support:support-vector-drawable:25.0.0] AndroidManifest.xml:23:5-20
MERGED from [com.android.support.constraint:constraint-layout:1.0.0-beta3] AndroidManifest.xml:9:5-20
MERGED from [com.android.support:support-compat:25.1.0] AndroidManifest.xml:25:5-20
MERGED from [com.facebook.stetho:stetho:1.5.0] AndroidManifest.xml:11:5-20
	android:screenOrientation
		ADDED from src\main\AndroidManifest.xml:61:9-45
	android:label
		ADDED from src\main\AndroidManifest.xml:58:9-41
	android:supportsRtl
		ADDED from [com.lovedise:permissiongen:0.0.6] AndroidManifest.xml:14:9-35
	android:hardwareAccelerated
		ADDED from src\main\AndroidManifest.xml:56:9-43
	android:allowBackup
		ADDED from src\main\AndroidManifest.xml:55:9-35
	android:icon
		ADDED from src\main\AndroidManifest.xml:57:9-39
	android:largeHeap
		ADDED from src\main\AndroidManifest.xml:59:9-33
	android:theme
		ADDED from src\main\AndroidManifest.xml:62:9-49
	android:logo
		ADDED from src\main\AndroidManifest.xml:60:9-42
	android:name
		ADDED from src\main\AndroidManifest.xml:54:9-56
service#com.baidu.location.f
ADDED from src\main\AndroidManifest.xml:65:9-72:19
	android:enabled
		ADDED from src\main\AndroidManifest.xml:67:13-35
	android:process
		ADDED from src\main\AndroidManifest.xml:68:13-38
	android:name
		ADDED from src\main\AndroidManifest.xml:66:13-48
intent-filter#com.baidu.location.service_v2.2
ADDED from src\main\AndroidManifest.xml:69:13-71:29
action#com.baidu.location.service_v2.2
ADDED from src\main\AndroidManifest.xml:70:17-74
	android:name
		ADDED from src\main\AndroidManifest.xml:70:25-71
meta-data#com.baidu.lbsapi.API_KEY
ADDED from src\main\AndroidManifest.xml:80:9-82:64
	android:value
		ADDED from src\main\AndroidManifest.xml:82:13-61
	android:name
		ADDED from src\main\AndroidManifest.xml:81:13-52
activity#com.hjnerp.activity.LoginActivity
ADDED from src\main\AndroidManifest.xml:84:9-98:20
	android:label
		ADDED from src\main\AndroidManifest.xml:89:13-45
	android:excludeFromRecents
		ADDED from src\main\AndroidManifest.xml:87:13-47
	android:launchMode
		ADDED from src\main\AndroidManifest.xml:90:13-42
	android:exported
		ADDED from src\main\AndroidManifest.xml:88:13-36
	android:configChanges
		ADDED from src\main\AndroidManifest.xml:86:13-74
	android:theme
		ADDED from src\main\AndroidManifest.xml:91:13-55
	android:name
		ADDED from src\main\AndroidManifest.xml:85:13-61
intent-filter#android.intent.action.MAIN+android.intent.category.DEFAULT+android.intent.category.LAUNCHER
ADDED from src\main\AndroidManifest.xml:92:13-97:29
action#android.intent.action.MAIN
ADDED from src\main\AndroidManifest.xml:93:17-69
	android:name
		ADDED from src\main\AndroidManifest.xml:93:25-66
category#android.intent.category.LAUNCHER
ADDED from src\main\AndroidManifest.xml:95:17-77
	android:name
		ADDED from src\main\AndroidManifest.xml:95:27-74
category#android.intent.category.DEFAULT
ADDED from src\main\AndroidManifest.xml:96:17-76
	android:name
		ADDED from src\main\AndroidManifest.xml:96:27-73
activity#com.hjnerp.business.activity.SearchBussinessPicture
ADDED from src\main\AndroidManifest.xml:99:9-102:45
	android:launchMode
		ADDED from src\main\AndroidManifest.xml:102:13-42
	android:configChanges
		ADDED from src\main\AndroidManifest.xml:101:13-74
	android:name
		ADDED from src\main\AndroidManifest.xml:100:13-79
activity#com.hjnerp.business.activity.BussinessUploadActivity
ADDED from src\main\AndroidManifest.xml:103:9-107:52
	android:screenOrientation
		ADDED from src\main\AndroidManifest.xml:107:13-49
	android:launchMode
		ADDED from src\main\AndroidManifest.xml:106:13-44
	android:configChanges
		ADDED from src\main\AndroidManifest.xml:105:13-74
	android:name
		ADDED from src\main\AndroidManifest.xml:104:13-80
activity#com.hjnerp.business.activity.BusinessActivity
ADDED from src\main\AndroidManifest.xml:109:9-114:58
	android:screenOrientation
		ADDED from src\main\AndroidManifest.xml:113:13-49
	android:launchMode
		ADDED from src\main\AndroidManifest.xml:112:13-44
	android:configChanges
		ADDED from src\main\AndroidManifest.xml:111:13-74
	android:theme
		ADDED from src\main\AndroidManifest.xml:114:13-55
	android:name
		ADDED from src\main\AndroidManifest.xml:110:13-73
activity#com.hjnerp.business.activity.AttendanceInfoActivity
ADDED from src\main\AndroidManifest.xml:115:9-120:52
	android:screenOrientation
		ADDED from src\main\AndroidManifest.xml:119:13-49
	android:launchMode
		ADDED from src\main\AndroidManifest.xml:118:13-42
	android:configChanges
		ADDED from src\main\AndroidManifest.xml:117:13-74
	android:theme
		ADDED from src\main\AndroidManifest.xml:120:13-49
	android:name
		ADDED from src\main\AndroidManifest.xml:116:13-79
activity#com.hjnerp.business.activity.AttendanceLocActivity
ADDED from src\main\AndroidManifest.xml:121:9-125:52
	android:screenOrientation
		ADDED from src\main\AndroidManifest.xml:125:13-49
	android:launchMode
		ADDED from src\main\AndroidManifest.xml:124:13-42
	android:configChanges
		ADDED from src\main\AndroidManifest.xml:123:13-74
	android:name
		ADDED from src\main\AndroidManifest.xml:122:13-78
activity#com.hjnerp.business.activity.SearchRouteActivity
ADDED from src\main\AndroidManifest.xml:126:9-129:52
	android:screenOrientation
		ADDED from src\main\AndroidManifest.xml:129:13-49
	android:launchMode
		ADDED from src\main\AndroidManifest.xml:128:13-42
	android:name
		ADDED from src\main\AndroidManifest.xml:127:13-76
activity#com.hjnerp.activity.MainActivity
ADDED from src\main\AndroidManifest.xml:130:9-136:58
	android:screenOrientation
		ADDED from src\main\AndroidManifest.xml:135:13-49
	android:excludeFromRecents
		ADDED from src\main\AndroidManifest.xml:132:13-47
	android:launchMode
		ADDED from src\main\AndroidManifest.xml:134:13-44
	android:exported
		ADDED from src\main\AndroidManifest.xml:133:13-37
	android:theme
		ADDED from src\main\AndroidManifest.xml:136:13-55
	android:name
		ADDED from src\main\AndroidManifest.xml:131:13-60
activity#com.hjnerp.activity.im.NoticeActivity
ADDED from src\main\AndroidManifest.xml:138:9-142:52
	android:screenOrientation
		ADDED from src\main\AndroidManifest.xml:142:13-49
	android:launchMode
		ADDED from src\main\AndroidManifest.xml:141:13-44
	android:exported
		ADDED from src\main\AndroidManifest.xml:140:13-37
	android:name
		ADDED from src\main\AndroidManifest.xml:139:13-65
activity#com.hjnerp.activity.im.ChatActivity
ADDED from src\main\AndroidManifest.xml:144:9-149:52
	android:screenOrientation
		ADDED from src\main\AndroidManifest.xml:149:13-49
	android:launchMode
		ADDED from src\main\AndroidManifest.xml:148:13-44
	android:exported
		ADDED from src\main\AndroidManifest.xml:147:13-37
	android:configChanges
		ADDED from src\main\AndroidManifest.xml:146:13-74
	android:name
		ADDED from src\main\AndroidManifest.xml:145:13-63
activity#com.hjnerp.activity.contact.FriendsActivity
ADDED from src\main\AndroidManifest.xml:151:9-155:52
	android:screenOrientation
		ADDED from src\main\AndroidManifest.xml:155:13-49
	android:launchMode
		ADDED from src\main\AndroidManifest.xml:154:13-42
	android:configChanges
		ADDED from src\main\AndroidManifest.xml:153:13-74
	android:name
		ADDED from src\main\AndroidManifest.xml:152:13-71
activity#com.hjnerp.activity.im.SelectGroupChatMemberActivity
ADDED from src\main\AndroidManifest.xml:158:9-160:45
	android:launchMode
		ADDED from src\main\AndroidManifest.xml:160:13-42
	android:name
		ADDED from src\main\AndroidManifest.xml:159:13-80
activity#com.hjnerp.activity.im.SelectGroupChatMemberDeptActivity
ADDED from src\main\AndroidManifest.xml:162:9-165:58
	android:launchMode
		ADDED from src\main\AndroidManifest.xml:164:13-42
	android:theme
		ADDED from src\main\AndroidManifest.xml:165:13-55
	android:name
		ADDED from src\main\AndroidManifest.xml:163:13-84
activity#com.hjnerp.activity.im.ShowGroupChatMemberActivity
ADDED from src\main\AndroidManifest.xml:167:9-169:45
	android:launchMode
		ADDED from src\main\AndroidManifest.xml:169:13-42
	android:name
		ADDED from src\main\AndroidManifest.xml:168:13-78
activity#com.hjnerp.activity.im.ShowGroupActivity
ADDED from src\main\AndroidManifest.xml:170:9-172:45
	android:launchMode
		ADDED from src\main\AndroidManifest.xml:172:13-42
	android:name
		ADDED from src\main\AndroidManifest.xml:171:13-68
activity#com.hjnerp.activity.contact.PhoneContactListActivity
ADDED from src\main\AndroidManifest.xml:174:9-177:45
	android:launchMode
		ADDED from src\main\AndroidManifest.xml:177:13-42
	android:exported
		ADDED from src\main\AndroidManifest.xml:176:13-37
	android:name
		ADDED from src\main\AndroidManifest.xml:175:13-80
activity#com.hjnerp.activity.contact.SearchQiXinFriendsActivity
ADDED from src\main\AndroidManifest.xml:179:9-181:45
	android:launchMode
		ADDED from src\main\AndroidManifest.xml:181:13-42
	android:name
		ADDED from src\main\AndroidManifest.xml:180:13-82
activity#com.hjnerp.activity.contact.SearchQiXinFriendsretActivity
ADDED from src\main\AndroidManifest.xml:182:9-184:45
	android:launchMode
		ADDED from src\main\AndroidManifest.xml:184:13-42
	android:name
		ADDED from src\main\AndroidManifest.xml:183:13-85
activity#com.hjnerp.activity.work.ApprovalActivity
ADDED from src\main\AndroidManifest.xml:187:9-189:45
	android:launchMode
		ADDED from src\main\AndroidManifest.xml:189:13-42
	android:name
		ADDED from src\main\AndroidManifest.xml:188:13-69
activity#com.hjnerp.activity.contact.AddingFriendActivity
ADDED from src\main\AndroidManifest.xml:191:9-193:45
	android:launchMode
		ADDED from src\main\AndroidManifest.xml:193:13-42
	android:name
		ADDED from src\main\AndroidManifest.xml:192:13-76
activity#com.hjnerp.activity.contact.AllVerfifyFriendsActivity
ADDED from src\main\AndroidManifest.xml:198:9-200:45
	android:launchMode
		ADDED from src\main\AndroidManifest.xml:200:13-42
	android:name
		ADDED from src\main\AndroidManifest.xml:199:13-81
activity#com.hjnerp.activity.SetPassWordActivity
ADDED from src\main\AndroidManifest.xml:202:9-206:52
	android:launchMode
		ADDED from src\main\AndroidManifest.xml:205:13-42
	android:exported
		ADDED from src\main\AndroidManifest.xml:204:13-37
	android:theme
		ADDED from src\main\AndroidManifest.xml:206:13-49
	android:name
		ADDED from src\main\AndroidManifest.xml:203:13-67
activity#com.hjnerp.activity.RegisterActivity
ADDED from src\main\AndroidManifest.xml:208:9-212:52
	android:launchMode
		ADDED from src\main\AndroidManifest.xml:211:13-42
	android:exported
		ADDED from src\main\AndroidManifest.xml:210:13-37
	android:theme
		ADDED from src\main\AndroidManifest.xml:212:13-49
	android:name
		ADDED from src\main\AndroidManifest.xml:209:13-64
activity#com.hjnerp.activity.SetActivity
ADDED from src\main\AndroidManifest.xml:214:9-217:52
	android:launchMode
		ADDED from src\main\AndroidManifest.xml:216:13-42
	android:theme
		ADDED from src\main\AndroidManifest.xml:217:13-49
	android:name
		ADDED from src\main\AndroidManifest.xml:215:13-59
activity#com.hjnerp.activity.qrcode.CaptureActivity
ADDED from src\main\AndroidManifest.xml:229:9-240:20
	android:screenOrientation
		ADDED from src\main\AndroidManifest.xml:233:13-49
	android:launchMode
		ADDED from src\main\AndroidManifest.xml:232:13-42
	android:windowSoftInputMode
		ADDED from src\main\AndroidManifest.xml:234:13-60
	android:configChanges
		ADDED from src\main\AndroidManifest.xml:231:13-63
	android:name
		ADDED from src\main\AndroidManifest.xml:230:13-70
intent-filter#android.intent.category.DEFAULT+com.hjmerp.activity.qrcode.CaptureActivity
ADDED from src\main\AndroidManifest.xml:235:13-239:29
action#com.hjmerp.activity.qrcode.CaptureActivity
ADDED from src\main\AndroidManifest.xml:236:17-85
	android:name
		ADDED from src\main\AndroidManifest.xml:236:25-82
activity#com.hjnerp.activity.im.ShowChatPictureActivity
ADDED from src\main\AndroidManifest.xml:241:9-243:45
	android:launchMode
		ADDED from src\main\AndroidManifest.xml:243:13-42
	android:name
		ADDED from src\main\AndroidManifest.xml:242:13-74
activity#com.hjnerp.business.activity.AddRouteActivity
ADDED from src\main\AndroidManifest.xml:244:9-246:45
	android:launchMode
		ADDED from src\main\AndroidManifest.xml:246:13-42
	android:name
		ADDED from src\main\AndroidManifest.xml:245:13-73
activity#com.hjnerp.activity.ExitAppActivity
ADDED from src\main\AndroidManifest.xml:247:9-249:45
	android:launchMode
		ADDED from src\main\AndroidManifest.xml:249:13-42
	android:name
		ADDED from src\main\AndroidManifest.xml:248:13-63
activity#com.hjnerp.activity.AboutHJActivity
ADDED from src\main\AndroidManifest.xml:250:9-253:52
	android:launchMode
		ADDED from src\main\AndroidManifest.xml:252:13-42
	android:theme
		ADDED from src\main\AndroidManifest.xml:253:13-49
	android:name
		ADDED from src\main\AndroidManifest.xml:251:13-63
service#com.hjnerp.service.IMChatService
ADDED from src\main\AndroidManifest.xml:255:9-258:39
	android:enabled
		ADDED from src\main\AndroidManifest.xml:257:13-35
	android:exported
		ADDED from src\main\AndroidManifest.xml:258:13-36
	android:name
		ADDED from src\main\AndroidManifest.xml:256:13-60
activity#com.hjnerp.business.activity.BussinessHtmlActivity
ADDED from src\main\AndroidManifest.xml:260:9-264:64
	android:hardwareAccelerated
		ADDED from src\main\AndroidManifest.xml:262:13-47
	android:launchMode
		ADDED from src\main\AndroidManifest.xml:263:13-42
	android:theme
		ADDED from src\main\AndroidManifest.xml:264:13-61
	android:name
		ADDED from src\main\AndroidManifest.xml:261:13-78
activity#com.hjnerp.business.activity.DisCardFage
ADDED from src\main\AndroidManifest.xml:265:9-267:58
	android:theme
		ADDED from src\main\AndroidManifest.xml:267:13-55
	android:name
		ADDED from src\main\AndroidManifest.xml:266:13-68
activity#com.hjnerp.business.activity.OfflineMap
ADDED from src\main\AndroidManifest.xml:268:9-76
	android:name
		ADDED from src\main\AndroidManifest.xml:268:19-73
activity#com.hjnerp.business.activity.BusinessDdisplocathActivity
ADDED from src\main\AndroidManifest.xml:269:9-271:52
	android:theme
		ADDED from src\main\AndroidManifest.xml:271:13-49
	android:name
		ADDED from src\main\AndroidManifest.xml:270:13-84
activity#com.hjnerp.activity.im.LocationActivity
ADDED from src\main\AndroidManifest.xml:272:9-274:52
	android:theme
		ADDED from src\main\AndroidManifest.xml:274:13-49
	android:name
		ADDED from src\main\AndroidManifest.xml:273:13-67
activity#com.hjnerp.activity.im.FileListActivity
ADDED from src\main\AndroidManifest.xml:276:9-278:52
	android:theme
		ADDED from src\main\AndroidManifest.xml:278:13-49
	android:name
		ADDED from src\main\AndroidManifest.xml:277:13-67
activity#com.hjnerp.activity.html.HjAboutInformation
ADDED from src\main\AndroidManifest.xml:279:9-281:52
	android:theme
		ADDED from src\main\AndroidManifest.xml:281:13-49
	android:name
		ADDED from src\main\AndroidManifest.xml:280:13-71
activity#com.hjnerp.business.activity.BusinessEJActivity
ADDED from src\main\AndroidManifest.xml:282:9-284:52
	android:theme
		ADDED from src\main\AndroidManifest.xml:284:13-49
	android:name
		ADDED from src\main\AndroidManifest.xml:283:13-75
activity#com.hjnerp.business.activity.TravelBusiness
ADDED from src\main\AndroidManifest.xml:303:9-80
	android:name
		ADDED from src\main\AndroidManifest.xml:303:19-77
activity#com.hjnerp.business.activity.LeaveBusiness
ADDED from src\main\AndroidManifest.xml:304:9-79
	android:name
		ADDED from src\main\AndroidManifest.xml:304:19-76
activity#com.hjnerp.business.activity.OverBusiness
ADDED from src\main\AndroidManifest.xml:305:9-78
	android:name
		ADDED from src\main\AndroidManifest.xml:305:19-75
activity#com.hjnerp.business.activity.AbnormalBusiness
ADDED from src\main\AndroidManifest.xml:306:9-82
	android:name
		ADDED from src\main\AndroidManifest.xml:306:19-79
activity#com.hjnerp.business.activity.AbnormalDetail
ADDED from src\main\AndroidManifest.xml:307:9-80
	android:name
		ADDED from src\main\AndroidManifest.xml:307:19-77
activity#com.hjnerp.business.activity.BusinessPerformanceTypeIn
ADDED from src\main\AndroidManifest.xml:308:9-311:70
	android:windowSoftInputMode
		ADDED from src\main\AndroidManifest.xml:311:13-67
	android:theme
		ADDED from src\main\AndroidManifest.xml:310:13-55
	android:name
		ADDED from src\main\AndroidManifest.xml:309:13-82
activity#com.hjnerp.business.activity.BusinessBillsActivity
ADDED from src\main\AndroidManifest.xml:312:9-315:70
	android:windowSoftInputMode
		ADDED from src\main\AndroidManifest.xml:315:13-67
	android:theme
		ADDED from src\main\AndroidManifest.xml:314:13-49
	android:name
		ADDED from src\main\AndroidManifest.xml:313:13-78
activity#com.hjnerp.business.activity.BusinessPerformanceArrayList
ADDED from src\main\AndroidManifest.xml:316:9-94
	android:name
		ADDED from src\main\AndroidManifest.xml:316:19-91
activity#com.hjnerp.business.activity.BusinessPerformanceInput
ADDED from src\main\AndroidManifest.xml:317:9-320:70
	android:windowSoftInputMode
		ADDED from src\main\AndroidManifest.xml:320:13-67
	android:theme
		ADDED from src\main\AndroidManifest.xml:319:13-55
	android:name
		ADDED from src\main\AndroidManifest.xml:318:13-81
activity#com.hjnerp.business.activity.BusinessPerformanceAudit
ADDED from src\main\AndroidManifest.xml:321:9-324:70
	android:windowSoftInputMode
		ADDED from src\main\AndroidManifest.xml:324:13-67
	android:theme
		ADDED from src\main\AndroidManifest.xml:323:13-55
	android:name
		ADDED from src\main\AndroidManifest.xml:322:13-81
activity#com.hjnerp.business.activity.BusinessEJLocation
ADDED from src\main\AndroidManifest.xml:325:9-327:70
	android:windowSoftInputMode
		ADDED from src\main\AndroidManifest.xml:327:13-67
	android:name
		ADDED from src\main\AndroidManifest.xml:326:13-75
activity#com.hjnerp.business.activity.BusinessDgtdrechtml
ADDED from src\main\AndroidManifest.xml:328:9-330:70
	android:windowSoftInputMode
		ADDED from src\main\AndroidManifest.xml:330:13-67
	android:name
		ADDED from src\main\AndroidManifest.xml:329:13-76
activity#com.hjnerp.business.activity.BusinessSearch
ADDED from src\main\AndroidManifest.xml:331:9-333:70
	android:windowSoftInputMode
		ADDED from src\main\AndroidManifest.xml:333:13-67
	android:name
		ADDED from src\main\AndroidManifest.xml:332:13-71
service#com.hjnerp.service.WorkService
ADDED from src\main\AndroidManifest.xml:335:9-338:39
	android:enabled
		ADDED from src\main\AndroidManifest.xml:337:13-35
	android:exported
		ADDED from src\main\AndroidManifest.xml:338:13-36
	android:name
		ADDED from src\main\AndroidManifest.xml:336:13-58
activity#com.hjnerp.activity.HJAboutInfoActivity
ADDED from src\main\AndroidManifest.xml:340:9-76
	android:name
		ADDED from src\main\AndroidManifest.xml:340:19-73
provider#android.support.v4.content.FileProvider
ADDED from src\main\AndroidManifest.xml:342:9-350:20
	android:authorities
		ADDED from src\main\AndroidManifest.xml:344:13-68
	android:grantUriPermissions
		ADDED from src\main\AndroidManifest.xml:346:13-47
	android:exported
		ADDED from src\main\AndroidManifest.xml:345:13-37
	android:name
		ADDED from src\main\AndroidManifest.xml:343:13-67
meta-data#android.support.FILE_PROVIDER_PATHS
ADDED from src\main\AndroidManifest.xml:347:13-349:54
	android:resource
		ADDED from src\main\AndroidManifest.xml:349:17-51
	android:name
		ADDED from src\main\AndroidManifest.xml:348:17-67
activity#com.hjnerp.activity.HJCallPhoneActivity
ADDED from src\main\AndroidManifest.xml:352:9-76
	android:name
		ADDED from src\main\AndroidManifest.xml:352:19-73
activity#com.hjnerp.business.activity.TravelActivityNew
ADDED from src\main\AndroidManifest.xml:353:9-83
	android:name
		ADDED from src\main\AndroidManifest.xml:353:19-80
activity#com.hjnerp.business.activity.OrderFinding
ADDED from src\main\AndroidManifest.xml:354:9-357:70
	android:windowSoftInputMode
		ADDED from src\main\AndroidManifest.xml:357:13-67
	android:theme
		ADDED from src\main\AndroidManifest.xml:356:13-55
	android:name
		ADDED from src\main\AndroidManifest.xml:355:13-69
activity#com.hjnerp.business.activity.SellOrder
ADDED from src\main\AndroidManifest.xml:358:9-362:70
	android:screenOrientation
		ADDED from src\main\AndroidManifest.xml:361:13-49
	android:windowSoftInputMode
		ADDED from src\main\AndroidManifest.xml:362:13-67
	android:theme
		ADDED from src\main\AndroidManifest.xml:360:13-55
	android:name
		ADDED from src\main\AndroidManifest.xml:359:13-66
activity#com.hjnerp.business.activity.OrderEdit
ADDED from src\main\AndroidManifest.xml:363:9-84
	android:name
		ADDED from src\main\AndroidManifest.xml:363:19-72
uses-sdk
INJECTED from src\main\AndroidManifest.xml reason: use-sdk injection requested
MERGED from [svn:librarys:unspecified] AndroidManifest.xml:7:5-9:41
MERGED from [com.lovedise:permissiongen:0.0.6] AndroidManifest.xml:7:5-9:41
MERGED from [com.miguelcatalan:materialsearchview:1.4.0] AndroidManifest.xml:7:5-9:41
MERGED from [com.android.support:design:23.1.1] AndroidManifest.xml:20:5-43
MERGED from [com.android.support:recyclerview-v7:25.0.0] AndroidManifest.xml:20:5-43
MERGED from [com.lzy.net:okgo:2.1.4] AndroidManifest.xml:7:5-9:41
MERGED from [com.github.RmondJone:LockTableView:1.0.3] AndroidManifest.xml:7:5-9:41
MERGED from [com.android.support:appcompat-v7:25.0.0] AndroidManifest.xml:21:5-23:78
MERGED from [com.android.support:support-v4:25.0.0] AndroidManifest.xml:21:5-23:54
MERGED from [com.android.support:support-fragment:25.0.0] AndroidManifest.xml:21:5-23:60
MERGED from [com.android.support:support-media-compat:25.0.0] AndroidManifest.xml:21:5-23:63
MERGED from [com.android.support:support-core-ui:25.0.0] AndroidManifest.xml:21:5-23:58
MERGED from [com.android.support:support-core-utils:25.0.0] AndroidManifest.xml:21:5-23:61
MERGED from [com.android.support:animated-vector-drawable:25.0.0] AndroidManifest.xml:20:5-44
MERGED from [com.android.support:support-vector-drawable:25.0.0] AndroidManifest.xml:21:5-43
MERGED from [com.android.support.constraint:constraint-layout:1.0.0-beta3] AndroidManifest.xml:5:5-7:41
MERGED from [com.jakewharton:butterknife:8.5.1] AndroidManifest.xml:5:5-43
MERGED from [com.android.support:support-compat:25.1.0] AndroidManifest.xml:21:5-23:58
MERGED from [com.facebook.stetho:stetho:1.5.0] AndroidManifest.xml:7:5-9:41
	tools:overrideLibrary
		ADDED from [com.android.support:appcompat-v7:25.0.0] AndroidManifest.xml:23:9-75
	android:targetSdkVersion
		INJECTED from src\main\AndroidManifest.xml
		INJECTED from src\main\AndroidManifest.xml
	android:minSdkVersion
		INJECTED from src\main\AndroidManifest.xml
		INJECTED from src\main\AndroidManifest.xml
uses-permission#android.permission.BLUETOOTH
ADDED from [svn:librarys:unspecified] AndroidManifest.xml:13:5-68
	android:name
		ADDED from [svn:librarys:unspecified] AndroidManifest.xml:13:22-65
uses-permission#android.permission.READ_SMS
ADDED from [svn:librarys:unspecified] AndroidManifest.xml:16:5-67
	android:name
		ADDED from [svn:librarys:unspecified] AndroidManifest.xml:16:22-64
uses-permission#android.permission.READ_EXTERNAL_STORAGE
ADDED from [com.lzy.net:okgo:2.1.4] AndroidManifest.xml:12:5-80
	android:name
		ADDED from [com.lzy.net:okgo:2.1.4] AndroidManifest.xml:12:22-77